<?xml version="1.0" encoding="UTF-8"?>
<!-- Generated by org.testng.reporters.JUnitXMLReporter -->
<testsuite ignored="0" hostname="PG02QJ2V" failures="0" tests="3" name="Default test" time="65.239" errors="0" timestamp="2022-07-25T18:45:33 IST">
  <testcase classname="executetests.LeadProcess" name="loginToSalesforce" time="22.669"/>
  <testcase classname="executetests.LeadProcess" name="createNewLead" time="36.091"/>
  <testcase classname="executetests.LeadProcess" name="acceptLead" time="3.152"/>
</testsuite> <!-- Default test -->
